This is pdfTeX, Version 3.1415926-1.40.10 (TeX Live 2009/Debian) (format=pdflatex 2010.9.2)  28 OCT 2010 15:57
entering extended mode
 restricted \write18 enabled.
 %&-line parsing enabled.
**\documentclass[a4paper]{article}

*
(/usr/share/texmf-texlive/tex/latex/base/article.cls
Document Class: article 2007/10/19 v1.4h Standard LaTeX document class
(/usr/share/texmf-texlive/tex/latex/base/size10.clo
File: size10.clo 2007/10/19 v1.4h Standard LaTeX file (size option)
)
\c@part=\count79
\c@section=\count80
\c@subsection=\count81
\c@subsubsection=\count82
\c@paragraph=\count83
\c@subparagraph=\count84
\c@figure=\count85
\c@table=\count86
\abovecaptionskip=\skip41
\belowcaptionskip=\skip42
\bibindent=\dimen102
)
(Please type a command or say `\end')
*%% ODER: format ==         = "\mathrel{==}"

*%% ODER: format /=         = "\neq "

*%

*%

*\makeatletter

*\@ifundefined{lhs2tex.lhs2tex.sty.read}%

*  {\@namedef{lhs2tex.lhs2tex.sty.read}{}%

*   \newcommand\SkipToFmtEnd{}%

*   \newcommand\EndFmtInput{}%

*   \long\def\SkipToFmtEnd#1\EndFmtInput{}%

*  }\SkipToFmtEnd

*
(Please type a command or say `\end')
*\newcommand\ReadOnlyOnce[1]{\@ifundefined{#1}{\@namedef{#1}{}}\SkipToFmtEnd}

*\usepackage{amstext}

*\usepackage{amssymb}
(/usr/share/texmf-texlive/tex/latex/amsmath/amstext.sty
Package: amstext 2000/06/29 v2.01

(/usr/share/texmf-texlive/tex/latex/amsmath/amsgen.sty
File: amsgen.sty 1999/11/30 v2.0
\@emptytoks=\toks14
\ex@=\dimen103
))
*\usepackage{stmaryrd}
(/usr/share/texmf-texlive/tex/latex/amsfonts/amssymb.sty
Package: amssymb 2009/06/22 v3.00

(/usr/share/texmf-texlive/tex/latex/amsfonts/amsfonts.sty
Package: amsfonts 2009/06/22 v3.00 Basic AMSFonts support
\symAMSa=\mathgroup4
\symAMSb=\mathgroup5
LaTeX Font Info:    Overwriting math alphabet `\mathfrak' in version `bold'
(Font)                  U/euf/m/n --> U/euf/b/n on input line 96.
))
*\DeclareFontFamily{OT1}{cmtex}{}
(/usr/share/texmf-texlive/tex/latex/stmaryrd/stmaryrd.sty
Package: stmaryrd 1994/03/03 St Mary's Road symbol package
\symstmry=\mathgroup6
LaTeX Font Info:    Overwriting symbol font `stmry' in version `bold'
(Font)                  U/stmry/m/n --> U/stmry/b/n on input line 89.
)
*\DeclareFontShape{OT1}{cmtex}{m}{n}

*  {<5><6><7><8>cmtex8

*   <9>cmtex9

*   <10><10.95><12><14.4><17.28><20.74><24.88>cmtex10}{}

*\DeclareFontShape{OT1}{cmtex}{m}{it}

*  {<-> ssub * cmtt/m/it}{}

*\newcommand{\texfamily}{\fontfamily{cmtex}\selectfont}

*\DeclareFontShape{OT1}{cmtt}{bx}{n}

*  {<5><6><7><8>cmtt8

*   <9>cmbtt9

*   <10><10.95><12><14.4><17.28><20.74><24.88>cmbtt10}{}

*\DeclareFontShape{OT1}{cmtex}{bx}{n}

*  {<-> ssub * cmtt/bx/n}{}

*\newcommand{\tex}[1]{\text{\texfamily#1}}	% NEU

*
(Please type a command or say `\end')
*\newcommand{\Sp}{\hskip.33334em\relax}

*
(Please type a command or say `\end')
*
(Please type a command or say `\end')
*\newcommand{\Conid}[1]{\mathit{#1}}

*\newcommand{\Varid}[1]{\mathit{#1}}

*\newcommand{\anonymous}{\kern0.06em \vbox{\hrule\@width.5em}}

*\newcommand{\plus}{\mathbin{+\!\!\!+}}

*\newcommand{\bind}{\mathbin{>\!\!\!>\mkern-6.7mu=}}

*\newcommand{\rbind}{\mathbin{=\mkern-6.7mu<\!\!\!<}}% suggested by Neil Mitche
ll

*\newcommand{\sequ}{\mathbin{>\!\!\!>}}

*\renewcommand{\leq}{\leqslant}

*\renewcommand{\geq}{\geqslant}

*\usepackage{polytable}

*
(/usr/share/texmf/tex/latex/polytable/polytable.sty
Package: polytable 2005/04/25 v0.8.2 `polytable' package (Andres Loeh)

(/usr/share/texmf/tex/latex/polytable/lazylist.sty)
(/usr/share/texmf-texlive/tex/latex/tools/array.sty
Package: array 2008/09/09 v2.4c Tabular extension package (FMi)
\col@sep=\dimen104
\extrarowheight=\dimen105
\NC@list=\toks15
\extratabsurround=\skip43
\backup@length=\skip44
)
\PT@colwidth=\dimen106
\PT@cols=\count87
\PT@table=\count88
\PT@toks=\toks16
\PT@in=\read1
\PT@out=\write3
)
(Please type a command or say `\end')
*%mathindent has to be defined

*\@ifundefined{mathindent}%

*  {\newdimen\mathindent\mathindent\leftmargini}%

*  {}%
\mathindent=\dimen107

*
(Please type a command or say `\end')
*\def\resethooks{%

*  \global\let\SaveRestoreHook\empty

*  \global\let\ColumnHook\empty}

*\newcommand*{\savecolumns}[1][default]%

*  {\g@addto@macro\SaveRestoreHook{\savecolumns[#1]}}

*\newcommand*{\restorecolumns}[1][default]%

*  {\g@addto@macro\SaveRestoreHook{\restorecolumns[#1]}}

*\newcommand*{\aligncolumn}[2]%

*  {\g@addto@macro\ColumnHook{\column{#1}{#2}}}

*
(Please type a command or say `\end')
*\resethooks

*
(Please type a command or say `\end')
*\newcommand{\onelinecommentchars}{\quad-{}- }

*\newcommand{\commentbeginchars}{\enskip\{-}

*\newcommand{\commentendchars}{-\}\enskip}

*
(Please type a command or say `\end')
*\newcommand{\visiblecomments}{%

*  \let\onelinecomment=\onelinecommentchars

*  \let\commentbegin=\commentbeginchars

*  \let\commentend=\commentendchars}

*
(Please type a command or say `\end')
*\newcommand{\invisiblecomments}{%

*  \let\onelinecomment=\empty

*  \let\commentbegin=\empty

*  \let\commentend=\empty}

*
(Please type a command or say `\end')
*\visiblecomments

*
(Please type a command or say `\end')
*\newlength{\blanklineskip}
\blanklineskip=\skip45

*\setlength{\blanklineskip}{0.66084ex}

*
(Please type a command or say `\end')
*\newcommand{\hsindent}[1]{\quad}% default is fixed indentation

*\let\hspre\empty

*\let\hspost\empty

*\newcommand{\NB}{\textbf{NB}}

*\newcommand{\Todo}[1]{$\langle$\textbf{To do:}~#1$\rangle$}

*
(Please type a command or say `\end')
*\EndFmtInput

*\makeatother

*%

*
(Please type a command or say `\end')
*\title{Indexed Containers}

*\author{Thorsten Altenkirch

*   \and Neil Ghani

*   \and Peter Hancock

*   \and Conor McBride

*   \and \Peter Morris}

*\date{\today}

*
(Please type a command or say `\end')
*\maketitle

! LaTeX Error: Missing \begin{document}.

See the LaTeX manual or LaTeX Companion for explanation.
Type  H <return>  for immediate help.
 ...                                              
                                                  
<*> \maketitle
              
? 
LaTeX Font Info:    Try loading font information for U+msa on input line 0.
(/usr/share/texmf-texlive/tex/latex/amsfonts/umsa.fd
File: umsa.fd 2009/06/22 v3.00 AMS symbols A
)
LaTeX Font Info:    Try loading font information for U+msb on input line 0.

(/usr/share/texmf-texlive/tex/latex/amsfonts/umsb.fd
File: umsb.fd 2009/06/22 v3.00 AMS symbols B
)
LaTeX Font Info:    Try loading font information for U+stmry on input line 0.

(/usr/share/texmf-texlive/tex/latex/stmaryrd/Ustmry.fd)
! Undefined control sequence.
\@author ...ancock \and Conor McBride \and \Peter 
                                                  Morris
<*> \maketitle
              
? \begin{abstract}
Type <return> to proceed, S to scroll future error messages,
R to run without stopping, Q to run quietly,
I to insert something, 
1 or ... or 9 to ignore the next 1 to 9 tokens of input,
H for help, X to quit.
? 

*Blah

! LaTeX Error: Missing \begin{document}.

See the LaTeX manual or LaTeX Companion for explanation.
Type  H <return>  for immediate help.
 ...                                              
                                                  
<*> B
     lah
? 

*\end{abstract}

! LaTeX Error: \begin{document} ended by \end{abstract}.

See the LaTeX manual or LaTeX Companion for explanation.
Type  H <return>  for immediate help.
 ...                                              
                                                  
<*> \end{abstract}
                  
? 
! Extra \endgroup.
<recently read> \endgroup 
                          
<*> \end{abstract}
                  
? \begin{document}
Type <return> to proceed, S to scroll future error messages,
R to run without stopping, Q to run quietly,
I to insert something, 
1 or ... or 9 to ignore the next 1 to 9 tokens of input,
H for help, X to quit.
? 

*\section{Introduction}

*
(Please type a command or say `\end')
*\section{Background}

*\subsection{Type Theory}

*
(Please type a command or say `\end')
*\begingroup\par\noindent\advance\leftskip\mathindent\(

*\begin{pboxed}\SaveRestoreHook

*\column{B}{@{}>{\hspre}l<{\hspost}@{}}%

*\column{3}{@{}>{\hspre}l<{\hspost}@{}}%

*\column{5}{@{}>{\hspre}l<{\hspost}@{}}%

*\column{E}{@{}>{\hspre}l<{\hspost}@{}}%

*\>[B]{}\mathbf{record}\;\Conid{IFunc}\;\{\mskip1.5mu \Conid{I}\;\mathbin{:}\;\
Conid{Set}\mskip1.5mu\}\;\mathbin{:}\;\Conid{Set}\;\mathbf{where}{}\<[E]%

*\\

*\>[B]{}\hsindent{3}{}\<[3]%

*\>[3]{}\mathbf{field}{}\<[E]%

*\\

*\>[3]{}\hsindent{2}{}\<[5]%

*\>[5]{}\Varid{obj}\;\mathbin{:}\;(\Conid{A}\;\mathbin{:}\;\Conid{I}\;\to \;\Co
nid{Set})\;\to \;\Conid{Set}{}\<[E]%

*\\

*\>[3]{}\hsindent{2}{}\<[5]%

*\>[5]{}\Varid{mor}\;\mathbin{:}\;\{\mskip1.5mu \Conid{A}\;\Conid{B}\;\mathbin{
:}\;\Conid{I}\;\to \;\Conid{Set}\mskip1.5mu\}\;\to \;(\Conid{A}\;\Varid{==>}\;\
Conid{B})\;\to \;\Varid{obj}\;\Conid{A}\;\to \;\Varid{obj}\;\Conid{B}{}\<[E]%

*\ColumnHook

*\end{pboxed}
\openout3 = `texput.ptb'.


*\)\par\noindent\endgroup\resethooks

*
(Please type a command or say `\end')
*\subsection{Containers}

*
(Please type a command or say `\end')
*\section{Indexed Functors}

*
(Please type a command or say `\end')
*\section{Indexed containers}

*
(Please type a command or say `\end')
*\section{Initial Algebras of Indexed Containers}

*
(Please type a command or say `\end')
*\section{Strictly Positive Types}

*
(Please type a command or say `\end')
*\section{Conclusions}

*
(Please type a command or say `\end')
*\end{document}
[1

{/var/lib/texmf/fonts/map/pdftex/updmap/pdftex.map}
\@writefile{toc}{\contentsline {section}{\numberline {1}Introduction}{1}}
\@writefile{toc}{\contentsline {section}{\numberline {2}Background}{1}}
\@writefile{toc}{\contentsline {subsection}{\numberline {2.1}Type Theory}{1}}
\@writefile{toc}{\contentsline {subsection}{\numberline {2.2}Containers}{1}}
\@writefile{toc}{\contentsline {section}{\numberline {3}Indexed Functors}{1}}
\@writefile{toc}{\contentsline {section}{\numberline {4}Indexed containers}{1}}

\@writefile{toc}{\contentsline {section}{\numberline {5}Initial Algebras of Ind
exed Containers}{1}}
\@writefile{toc}{\contentsline {section}{\numberline {6}Strictly Positive Types
}{1}}
\@writefile{toc}{\contentsline {section}{\numberline {7}Conclusions}{1}}
]
! I can't find file `texput.aux'.
\enddocument ...makeatletter \input \jobname .aux 
                                                  \fi \@dofilelist \ifdim \f...
<*> \end{document}
                  
(Press Enter to retry, or Control-D to exit)
Please type another input file name: 
! Emergency stop.
\enddocument ...makeatletter \input \jobname .aux 
                                                  \fi \@dofilelist \ifdim \f...
<*> \end{document}
                  
End of file on the terminal!

 
Here is how much of TeX's memory you used:
 1093 strings out of 495061
 12578 string characters out of 1182583
 58673 words of memory out of 3000000
 4295 multiletter control sequences out of 15000+50000
 14390 words of font info for 56 fonts, out of 3000000 for 9000
 28 hyphenation exceptions out of 8191
 22i,6n,27p,236b,201s stack positions out of 5000i,500n,10000p,200000b,50000s
!  ==> Fatal error occurred, no output PDF file produced!
